<?xml version="1.0" encoding="UTF-8"?>
<testsuite xmlns:xsi="http://www.w3.org/2001/XMLSchema-instance" xsi:noNamespaceSchemaLocation="https://maven.apache.org/surefire/maven-surefire-plugin/xsd/surefire-test-report.xsd" name="com.clinicadental.service.OdontologoServiceTest" time="0.506" tests="4" errors="0" skipped="0" failures="0">
  <properties>
[...]
</properties>
  <testcase name="testActualizar" classname="com.clinicadental.service.OdontologoServiceTest" time="0.041"/>
  <testcase name="testBuscarTodos" classname="com.clinicadental.service.OdontologoServiceTest" time="0.005"/>
  <testcase name="testEliminar" classname="com.clinicadental.service.OdontologoServiceTest" time="0.01"/>
  <testcase name="testGuardar" classname="com.clinicadental.service.OdontologoServiceTest" time="0.01"/>
</testsuite>